                :-) GROMACS - GROMACS, 2020.5-dev-UNCHECKED (-:

                            GROMACS is written by:
     Emile Apol      Rossen Apostolov      Paul Bauer     Herman J.C. Berendsen
    Par Bjelkmar      Christian Blau   Viacheslav Bolnykh     Kevin Boyd    
 Aldert van Buuren   Rudi van Drunen     Anton Feenstra       Alan Gray     
  Gerrit Groenhof     Anca Hamuraru    Vincent Hindriksen  M. Eric Irrgang  
  Aleksei Iupinov   Christoph Junghans     Joe Jordan     Dimitrios Karkoulis
    Peter Kasson        Jiri Kraus      Carsten Kutzner      Per Larsson    
  Justin A. Lemkul    Viveca Lindahl    Magnus Lundborg     Erik Marklund   
    Pascal Merz     Pieter Meulenhoff    Teemu Murtola       Szilard Pall   
    Sander Pronk      Roland Schulz      Michael Shirts    Alexey Shvetsov  
   Alfons Sijbers     Peter Tieleman      Jon Vincent      Teemu Virolainen 
 Christian Wennberg    Maarten Wolf      Artem Zhmurov   
                           and the project leaders:
        Mark Abraham, Berk Hess, Erik Lindahl, and David van der Spoel

Copyright (c) 1991-2000, University of Groningen, The Netherlands.
Copyright (c) 2001-2019, The GROMACS development team at
Uppsala University, Stockholm University and
the Royal Institute of Technology, Sweden.
check out http://www.gromacs.org for more information.

GROMACS:      GROMACS, version 2020.5-dev-UNCHECKED
Working dir:  C:\ProgramData\FAHClient\work\00\01
Process ID:   10884

GROMACS version:    2020.5-dev-UNCHECKED
The source code this program was compiled from has not been verified because the reference checksum was missing during compilation. This means you have an incomplete GROMACS distribution, please make sure to download an intact source distribution and compile that before proceeding.
Computed checksum: NoChecksumFile
Precision:          single
Memory model:       64 bit
MPI library:        thread_mpi
OpenMP support:     enabled (GMX_OPENMP_MAX_THREADS = 64)
GPU support:        disabled
SIMD instructions:  AVX2_256
FFT library:        fftw3
RDTSCP usage:       disabled
TNG support:        enabled
Hwloc support:      disabled
Tracing support:    disabled
C compiler:         C:/Program Files (x86)/Microsoft Visual Studio/2019/Community/VC/Tools/MSVC/14.27.29110/bin/Hostx64/x64/cl.exe MSVC 19.27.29112.0
C compiler flags:   /arch:AVX2 /wd4800 /wd4355 /wd4996 /wd4305 /wd4244 /wd4101 /wd4267 /wd4090 /wd4068 /MT /O2 /Ob3 /Zc:throwingNew /D NDEBUG /arch:AVX2
C++ compiler:       C:/Program Files (x86)/Microsoft Visual Studio/2019/Community/VC/Tools/MSVC/14.27.29110/bin/Hostx64/x64/cl.exe MSVC 19.27.29112.0
C++ compiler flags: /arch:AVX2 /wd4800 /wd4355 /wd4996 /wd4305 /wd4244 /wd4267 /wd4068 /analyze /analyze:stacksize 70000 /wd6001 /wd6011 /wd6053 /wd6054 /wd6385 /wd6386 /wd6387 /wd28199 /wd6239 /wd6240 /wd6294 /wd6326 /wd28020 /wd6330 /wd6993 /wd6031 /wd6244 /wd6246 -openmp /MT /O2 /Ob3 /Zc:throwingNew /D NDEBUG /arch:AVX2


Running on 1 node with total 6 cores, 12 logical cores
Hardware detected:
  CPU info:
    Vendor: Intel
    Brand:  Intel(R) Core(TM) i7-8700 CPU @ 3.20GHz
    Family: 6   Model: 158   Stepping: 10
    Features: aes apic avx avx2 clfsh cmov cx8 cx16 f16c fma hle htt intel lahf mmx msr nonstop_tsc pcid pclmuldq pdcm pdpe1gb popcnt pse rdrnd rdtscp rtm sse2 sse3 sse4.1 sse4.2 ssse3 tdt x2apic
  Hardware topology: Basic
    Sockets, cores, and logical processors:
      Socket  0: [   0   1] [   2   3] [   4   5] [   6   7] [   8   9] [  10  11]

The current CPU can measure timings more accurately than the code in
GROMACS was configured to use. This might affect your simulation
speed as accurate timings are needed for load-balancing.
Please consider rebuilding GROMACS with the GMX_USE_RDTSCP=ON CMake option.

++++ PLEASE READ AND CITE THE FOLLOWING REFERENCE ++++
M. J. Abraham, T. Murtola, R. Schulz, S. Páll, J. C. Smith, B. Hess, E.
Lindahl
GROMACS: High performance molecular simulations through multi-level
parallelism from laptops to supercomputers
SoftwareX 1 (2015) pp. 19-25
-------- -------- --- Thank You --- -------- --------


++++ PLEASE READ AND CITE THE FOLLOWING REFERENCE ++++
S. Páll, M. J. Abraham, C. Kutzner, B. Hess, E. Lindahl
Tackling Exascale Software Challenges in Molecular Dynamics Simulations with
GROMACS
In S. Markidis & E. Laure (Eds.), Solving Software Challenges for Exascale 8759 (2015) pp. 3-27
-------- -------- --- Thank You --- -------- --------


++++ PLEASE READ AND CITE THE FOLLOWING REFERENCE ++++
S. Pronk, S. Páll, R. Schulz, P. Larsson, P. Bjelkmar, R. Apostolov, M. R.
Shirts, J. C. Smith, P. M. Kasson, D. van der Spoel, B. Hess, and E. Lindahl
GROMACS 4.5: a high-throughput and highly parallel open source molecular
simulation toolkit
Bioinformatics 29 (2013) pp. 845-54
-------- -------- --- Thank You --- -------- --------


++++ PLEASE READ AND CITE THE FOLLOWING REFERENCE ++++
B. Hess and C. Kutzner and D. van der Spoel and E. Lindahl
GROMACS 4: Algorithms for highly efficient, load-balanced, and scalable
molecular simulation
J. Chem. Theory Comput. 4 (2008) pp. 435-447
-------- -------- --- Thank You --- -------- --------


++++ PLEASE READ AND CITE THE FOLLOWING REFERENCE ++++
D. van der Spoel, E. Lindahl, B. Hess, G. Groenhof, A. E. Mark and H. J. C.
Berendsen
GROMACS: Fast, Flexible and Free
J. Comp. Chem. 26 (2005) pp. 1701-1719
-------- -------- --- Thank You --- -------- --------


++++ PLEASE READ AND CITE THE FOLLOWING REFERENCE ++++
E. Lindahl and B. Hess and D. van der Spoel
GROMACS 3.0: A package for molecular simulation and trajectory analysis
J. Mol. Mod. 7 (2001) pp. 306-317
-------- -------- --- Thank You --- -------- --------


++++ PLEASE READ AND CITE THE FOLLOWING REFERENCE ++++
H. J. C. Berendsen, D. van der Spoel and R. van Drunen
GROMACS: A message-passing parallel molecular dynamics implementation
Comp. Phys. Comm. 91 (1995) pp. 43-56
-------- -------- --- Thank You --- -------- --------


++++ PLEASE CITE THE DOI FOR THIS VERSION OF GROMACS ++++
https://doi.org/10.5281/zenodo.4420785
-------- -------- --- Thank You --- -------- --------


This run will default to '-update gpu' as requested by the GMX_FORCE_UPDATE_DEFAULT_GPU environment variable. GPU update with domain decomposition lacks substantial testing and should be used with caution.
Input Parameters:
   integrator                     = md-vv
   tinit                          = 0
   dt                             = 0.002
   nsteps                         = 5000000
   init-step                      = 875000000
   simulation-part                = 1
   comm-mode                      = Linear
   nstcomm                        = 1
   bd-fric                        = 0
   ld-seed                        = 157339145
   emtol                          = 10
   emstep                         = 0.01
   niter                          = 20
   fcstep                         = 0
   nstcgsteep                     = 1000
   nbfgscorr                      = 10
   rtpi                           = 0.05
   nstxout                        = 500000
   nstvout                        = 500000
   nstfout                        = 0
   nstlog                         = 5000
   nstcalcenergy                  = 1
   nstenergy                      = 50000
   nstxout-compressed             = 50000
   compressed-x-precision         = 1000
   cutoff-scheme                  = Verlet
   nstlist                        = 10
   pbc                            = xyz
   periodic-molecules             = false
   verlet-buffer-tolerance        = 0.005
   rlist                          = 0.9
   coulombtype                    = PME
   coulomb-modifier               = Potential-shift
   rcoulomb-switch                = 0
   rcoulomb                       = 0.9
   epsilon-r                      = 1
   epsilon-rf                     = inf
   vdw-type                       = Cut-off
   vdw-modifier                   = Potential-shift
   rvdw-switch                    = 0
   rvdw                           = 0.9
   DispCorr                       = EnerPres
   table-extension                = 1
   fourierspacing                 = 0.1
   fourier-nx                     = 64
   fourier-ny                     = 64
   fourier-nz                     = 64
   pme-order                      = 4
   ewald-rtol                     = 1e-06
   ewald-rtol-lj                  = 0.001
   lj-pme-comb-rule               = Geometric
   ewald-geometry                 = 0
   epsilon-surface                = 0
   tcoupl                         = V-rescale
   nsttcouple                     = 1
   nh-chain-length                = 0
   print-nose-hoover-chain-variables = false
   pcoupl                         = No
   pcoupltype                     = Isotropic
   nstpcouple                     = -1
   tau-p                          = 1
   compressibility (3x3):
      compressibility[    0]={ 0.00000e+00,  0.00000e+00,  0.00000e+00}
      compressibility[    1]={ 0.00000e+00,  0.00000e+00,  0.00000e+00}
      compressibility[    2]={ 0.00000e+00,  0.00000e+00,  0.00000e+00}
   ref-p (3x3):
      ref-p[    0]={ 0.00000e+00,  0.00000e+00,  0.00000e+00}
      ref-p[    1]={ 0.00000e+00,  0.00000e+00,  0.00000e+00}
      ref-p[    2]={ 0.00000e+00,  0.00000e+00,  0.00000e+00}
   refcoord-scaling               = No
   posres-com (3):
      posres-com[0]= 0.00000e+00
      posres-com[1]= 0.00000e+00
      posres-com[2]= 0.00000e+00
   posres-comB (3):
      posres-comB[0]= 0.00000e+00
      posres-comB[1]= 0.00000e+00
      posres-comB[2]= 0.00000e+00
   QMMM                           = false
   QMconstraints                  = 0
   QMMMscheme                     = 0
   MMChargeScaleFactor            = 1
qm-opts:
   ngQM                           = 0
   constraint-algorithm           = Lincs
   continuation                   = true
   Shake-SOR                      = false
   shake-tol                      = 0.0001
   lincs-order                    = 12
   lincs-iter                     = 2
   lincs-warnangle                = 30
   nwall                          = 0
   wall-type                      = 9-3
   wall-r-linpot                  = -1
   wall-atomtype[0]               = -1
   wall-atomtype[1]               = -1
   wall-density[0]                = 0
   wall-density[1]                = 0
   wall-ewald-zfac                = 3
   pull                           = false
   awh                            = false
   rotation                       = false
   interactiveMD                  = false
   disre                          = No
   disre-weighting                = Conservative
   disre-mixed                    = false
   dr-fc                          = 1000
   dr-tau                         = 0
   nstdisreout                    = 100
   orire-fc                       = 0
   orire-tau                      = 0
   nstorireout                    = 100
   free-energy                    = expanded
   init-lambda                    = -1
   init-lambda-state              = 45
   delta-lambda                   = 0
   nstdhdl                        = 500
   n-lambdas                      = 109
   separate-dvdl:
       fep-lambdas =   TRUE
      mass-lambdas =   FALSE
      coul-lambdas =   FALSE
       vdw-lambdas =   FALSE
    bonded-lambdas =   FALSE
 restraint-lambdas =   FALSE
temperature-lambdas =   FALSE
all-lambdas:
       fep-lambdas =            0       0.002       0.004       0.006       0.008        0.01        0.02        0.03        0.04        0.05        0.06        0.07        0.08        0.09         0.1        0.11        0.12        0.13        0.14        0.15        0.16        0.17        0.18        0.19         0.2        0.21        0.22        0.23        0.24        0.25        0.26        0.27        0.28        0.29         0.3        0.31        0.32        0.33        0.34        0.35        0.36        0.37        0.38        0.39         0.4        0.41        0.42        0.43        0.44        0.45        0.46        0.47        0.48        0.49         0.5        0.51        0.52        0.53        0.54        0.55        0.56        0.57        0.58        0.59         0.6        0.61        0.62        0.63        0.64        0.65        0.66        0.67        0.68        0.69         0.7        0.71        0.72        0.73        0.74        0.75        0.76        0.77        0.78        0.79         0.8        0.81        0.82        0.83        0.84        0.85        0.86        0.87        0.88        0.89         0.9        0.91        0.92        0.93        0.94        0.95        0.96        0.97        0.98        0.99       0.992       0.994       0.996       0.998           1
      mass-lambdas =            0       0.002       0.004       0.006       0.008        0.01        0.02        0.03        0.04        0.05        0.06        0.07        0.08        0.09         0.1        0.11        0.12        0.13        0.14        0.15        0.16        0.17        0.18        0.19         0.2        0.21        0.22        0.23        0.24        0.25        0.26        0.27        0.28        0.29         0.3        0.31        0.32        0.33        0.34        0.35        0.36        0.37        0.38        0.39         0.4        0.41        0.42        0.43        0.44        0.45        0.46        0.47        0.48        0.49         0.5        0.51        0.52        0.53        0.54        0.55        0.56        0.57        0.58        0.59         0.6        0.61        0.62        0.63        0.64        0.65        0.66        0.67        0.68        0.69         0.7        0.71        0.72        0.73        0.74        0.75        0.76        0.77        0.78        0.79         0.8        0.81        0.82        0.83        0.84        0.85        0.86        0.87        0.88        0.89         0.9        0.91        0.92        0.93        0.94        0.95        0.96        0.97        0.98        0.99       0.992       0.994       0.996       0.998           1
      coul-lambdas =            0       0.002       0.004       0.006       0.008        0.01        0.02        0.03        0.04        0.05        0.06        0.07        0.08        0.09         0.1        0.11        0.12        0.13        0.14        0.15        0.16        0.17        0.18        0.19         0.2        0.21        0.22        0.23        0.24        0.25        0.26        0.27        0.28        0.29         0.3        0.31        0.32        0.33        0.34        0.35        0.36        0.37        0.38        0.39         0.4        0.41        0.42        0.43        0.44        0.45        0.46        0.47        0.48        0.49         0.5        0.51        0.52        0.53        0.54        0.55        0.56        0.57        0.58        0.59         0.6        0.61        0.62        0.63        0.64        0.65        0.66        0.67        0.68        0.69         0.7        0.71        0.72        0.73        0.74        0.75        0.76        0.77        0.78        0.79         0.8        0.81        0.82        0.83        0.84        0.85        0.86        0.87        0.88        0.89         0.9        0.91        0.92        0.93        0.94        0.95        0.96        0.97        0.98        0.99       0.992       0.994       0.996       0.998           1
       vdw-lambdas =            0       0.002       0.004       0.006       0.008        0.01        0.02        0.03        0.04        0.05        0.06        0.07        0.08        0.09         0.1        0.11        0.12        0.13        0.14        0.15        0.16        0.17        0.18        0.19         0.2        0.21        0.22        0.23        0.24        0.25        0.26        0.27        0.28        0.29         0.3        0.31        0.32        0.33        0.34        0.35        0.36        0.37        0.38        0.39         0.4        0.41        0.42        0.43        0.44        0.45        0.46        0.47        0.48        0.49         0.5        0.51        0.52        0.53        0.54        0.55        0.56        0.57        0.58        0.59         0.6        0.61        0.62        0.63        0.64        0.65        0.66        0.67        0.68        0.69         0.7        0.71        0.72        0.73        0.74        0.75        0.76        0.77        0.78        0.79         0.8        0.81        0.82        0.83        0.84        0.85        0.86        0.87        0.88        0.89         0.9        0.91        0.92        0.93        0.94        0.95        0.96        0.97        0.98        0.99       0.992       0.994       0.996       0.998           1
    bonded-lambdas =            0       0.002       0.004       0.006       0.008        0.01        0.02        0.03        0.04        0.05        0.06        0.07        0.08        0.09         0.1        0.11        0.12        0.13        0.14        0.15        0.16        0.17        0.18        0.19         0.2        0.21        0.22        0.23        0.24        0.25        0.26        0.27        0.28        0.29         0.3        0.31        0.32        0.33        0.34        0.35        0.36        0.37        0.38        0.39         0.4        0.41        0.42        0.43        0.44        0.45        0.46        0.47        0.48        0.49         0.5        0.51        0.52        0.53        0.54        0.55        0.56        0.57        0.58        0.59         0.6        0.61        0.62        0.63        0.64        0.65        0.66        0.67        0.68        0.69         0.7        0.71        0.72        0.73        0.74        0.75        0.76        0.77        0.78        0.79         0.8        0.81        0.82        0.83        0.84        0.85        0.86        0.87        0.88        0.89         0.9        0.91        0.92        0.93        0.94        0.95        0.96        0.97        0.98        0.99       0.992       0.994       0.996       0.998           1
 restraint-lambdas =            0       0.002       0.004       0.006       0.008        0.01        0.02        0.03        0.04        0.05        0.06        0.07        0.08        0.09         0.1        0.11        0.12        0.13        0.14        0.15        0.16        0.17        0.18        0.19         0.2        0.21        0.22        0.23        0.24        0.25        0.26        0.27        0.28        0.29         0.3        0.31        0.32        0.33        0.34        0.35        0.36        0.37        0.38        0.39         0.4        0.41        0.42        0.43        0.44        0.45        0.46        0.47        0.48        0.49         0.5        0.51        0.52        0.53        0.54        0.55        0.56        0.57        0.58        0.59         0.6        0.61        0.62        0.63        0.64        0.65        0.66        0.67        0.68        0.69         0.7        0.71        0.72        0.73        0.74        0.75        0.76        0.77        0.78        0.79         0.8        0.81        0.82        0.83        0.84        0.85        0.86        0.87        0.88        0.89         0.9        0.91        0.92        0.93        0.94        0.95        0.96        0.97        0.98        0.99       0.992       0.994       0.996       0.998           1
temperature-lambdas =            0       0.002       0.004       0.006       0.008        0.01        0.02        0.03        0.04        0.05        0.06        0.07        0.08        0.09         0.1        0.11        0.12        0.13        0.14        0.15        0.16        0.17        0.18        0.19         0.2        0.21        0.22        0.23        0.24        0.25        0.26        0.27        0.28        0.29         0.3        0.31        0.32        0.33        0.34        0.35        0.36        0.37        0.38        0.39         0.4        0.41        0.42        0.43        0.44        0.45        0.46        0.47        0.48        0.49         0.5        0.51        0.52        0.53        0.54        0.55        0.56        0.57        0.58        0.59         0.6        0.61        0.62        0.63        0.64        0.65        0.66        0.67        0.68        0.69         0.7        0.71        0.72        0.73        0.74        0.75        0.76        0.77        0.78        0.79         0.8        0.81        0.82        0.83        0.84        0.85        0.86        0.87        0.88        0.89         0.9        0.91        0.92        0.93        0.94        0.95        0.96        0.97        0.98        0.99       0.992       0.994       0.996       0.998           1
   calc-lambda-neighbors          = -1
   dhdl-print-energy              = total
   sc-alpha                       = 0.5
   sc-power                       = 1
   sc-r-power                     = 6
   sc-sigma                       = 0.3
   sc-sigma-min                   = 0.3
   sc-coul                        = true
   dh-hist-size                   = 0
   dh-hist-spacing                = 0.1
   separate-dhdl-file             = yes
   dhdl-derivatives               = yes
   nstexpanded                    = 500
   lmc-stats                      = wang-landau
   lmc-move                       = metropolized-gibbs
   lmc-weights-equil              = wl-delta
   weight-equil-wl-delta          = 1e-05
   lmc-seed                       = -1593583541
   mc-temperature                 = 323.15
   lmc-repeats                    = 1
   lmc-gibbsdelta                 = -1
   lmc-forced-nstart              = 0
   symmetrized-transition-matrix  = true
   nst-transition-matrix          = 500000
   mininum-var-min                = 100
   weight-c-range                 = 0
   wl-scale                       = 0.5
   wl-ratio                       = 0.7
   init-wl-delta                  = 0.019531
   wl-oneovert                    = false
      init-lambda-weights (109):
      init-lambda-weights[0]= 0.00000e+00
      init-lambda-weights[1]= 6.70000e+00
      init-lambda-weights[2]= 1.13830e+01
      init-lambda-weights[3]= 1.52350e+01
      init-lambda-weights[4]= 1.86280e+01
      init-lambda-weights[5]= 2.12520e+01
      init-lambda-weights[6]= 3.30290e+01
      init-lambda-weights[7]= 4.29730e+01
      init-lambda-weights[8]= 5.15420e+01
      init-lambda-weights[9]= 5.94980e+01
      init-lambda-weights[10]= 6.67170e+01
      init-lambda-weights[11]= 7.35570e+01
      init-lambda-weights[12]= 7.98600e+01
      init-lambda-weights[13]= 8.59770e+01
      init-lambda-weights[14]= 9.12890e+01
      init-lambda-weights[15]= 9.65430e+01
      init-lambda-weights[16]= 1.01025e+02
      init-lambda-weights[17]= 1.05545e+02
      init-lambda-weights[18]= 1.09414e+02
      init-lambda-weights[19]= 1.13167e+02
      init-lambda-weights[20]= 1.16642e+02
      init-lambda-weights[21]= 1.19751e+02
      init-lambda-weights[22]= 1.22576e+02
      init-lambda-weights[23]= 1.24917e+02
      init-lambda-weights[24]= 1.27155e+02
      init-lambda-weights[25]= 1.28863e+02
      init-lambda-weights[26]= 1.30022e+02
      init-lambda-weights[27]= 1.30954e+02
      init-lambda-weights[28]= 1.31257e+02
      init-lambda-weights[29]= 1.31481e+02
      init-lambda-weights[30]= 1.31135e+02
      init-lambda-weights[31]= 1.30466e+02
      init-lambda-weights[32]= 1.29606e+02
      init-lambda-weights[33]= 1.28456e+02
      init-lambda-weights[34]= 1.27302e+02
      init-lambda-weights[35]= 1.25975e+02
      init-lambda-weights[36]= 1.24768e+02
      init-lambda-weights[37]= 1.23204e+02
      init-lambda-weights[38]= 1.21721e+02
      init-lambda-weights[39]= 1.20408e+02
      init-lambda-weights[40]= 1.19199e+02
      init-lambda-weights[41]= 1.18043e+02
      init-lambda-weights[42]= 1.17073e+02
      init-lambda-weights[43]= 1.15987e+02
      init-lambda-weights[44]= 1.15202e+02
      init-lambda-weights[45]= 1.14223e+02
      init-lambda-weights[46]= 1.13806e+02
      init-lambda-weights[47]= 1.13101e+02
      init-lambda-weights[48]= 1.12282e+02
      init-lambda-weights[49]= 1.12130e+02
      init-lambda-weights[50]= 1.11873e+02
      init-lambda-weights[51]= 1.11586e+02
      init-lambda-weights[52]= 1.11562e+02
      init-lambda-weights[53]= 1.11685e+02
      init-lambda-weights[54]= 1.11657e+02
      init-lambda-weights[55]= 1.12028e+02
      init-lambda-weights[56]= 1.12187e+02
      init-lambda-weights[57]= 1.12853e+02
      init-lambda-weights[58]= 1.13459e+02
      init-lambda-weights[59]= 1.14039e+02
      init-lambda-weights[60]= 1.14904e+02
      init-lambda-weights[61]= 1.15662e+02
      init-lambda-weights[62]= 1.16774e+02
      init-lambda-weights[63]= 1.17699e+02
      init-lambda-weights[64]= 1.19033e+02
      init-lambda-weights[65]= 1.20236e+02
      init-lambda-weights[66]= 1.21819e+02
      init-lambda-weights[67]= 1.23136e+02
      init-lambda-weights[68]= 1.24566e+02
      init-lambda-weights[69]= 1.26306e+02
      init-lambda-weights[70]= 1.27971e+02
      init-lambda-weights[71]= 1.29472e+02
      init-lambda-weights[72]= 1.31106e+02
      init-lambda-weights[73]= 1.32824e+02
      init-lambda-weights[74]= 1.34122e+02
      init-lambda-weights[75]= 1.35839e+02
      init-lambda-weights[76]= 1.37337e+02
      init-lambda-weights[77]= 1.38539e+02
      init-lambda-weights[78]= 1.39604e+02
      init-lambda-weights[79]= 1.40508e+02
      init-lambda-weights[80]= 1.40894e+02
      init-lambda-weights[81]= 1.41010e+02
      init-lambda-weights[82]= 1.40817e+02
      init-lambda-weights[83]= 1.40142e+02
      init-lambda-weights[84]= 1.39215e+02
      init-lambda-weights[85]= 1.37592e+02
      init-lambda-weights[86]= 1.35465e+02
      init-lambda-weights[87]= 1.33159e+02
      init-lambda-weights[88]= 1.30452e+02
      init-lambda-weights[89]= 1.27225e+02
      init-lambda-weights[90]= 1.23976e+02
      init-lambda-weights[91]= 1.20139e+02
      init-lambda-weights[92]= 1.16039e+02
      init-lambda-weights[93]= 1.11334e+02
      init-lambda-weights[94]= 1.06547e+02
      init-lambda-weights[95]= 1.01058e+02
      init-lambda-weights[96]= 9.53130e+01
      init-lambda-weights[97]= 8.92350e+01
      init-lambda-weights[98]= 8.26130e+01
      init-lambda-weights[99]= 7.52200e+01
      init-lambda-weights[100]= 6.72870e+01
      init-lambda-weights[101]= 5.88290e+01
      init-lambda-weights[102]= 4.90240e+01
      init-lambda-weights[103]= 3.81280e+01
      init-lambda-weights[104]= 3.55630e+01
      init-lambda-weights[105]= 3.29850e+01
      init-lambda-weights[106]= 3.00550e+01
      init-lambda-weights[107]= 2.65880e+01
      init-lambda-weights[108]= 2.20320e+01
   init-weights                   = false
   cos-acceleration               = 0
   deform (3x3):
      deform[    0]={ 0.00000e+00,  0.00000e+00,  0.00000e+00}
      deform[    1]={ 0.00000e+00,  0.00000e+00,  0.00000e+00}
      deform[    2]={ 0.00000e+00,  0.00000e+00,  0.00000e+00}
   simulated-tempering            = false
   swapcoords                     = no
   userint1                       = 0
   userint2                       = 0
   userint3                       = 0
   userint4                       = 0
   userreal1                      = 0
   userreal2                      = 0
   userreal3                      = 0
   userreal4                      = 0
   applied-forces:
     electric-field:
       x:
         E0                       = 0
         omega                    = 0
         t0                       = 0
         sigma                    = 0
       y:
         E0                       = 0
         omega                    = 0
         t0                       = 0
         sigma                    = 0
       z:
         E0                       = 0
         omega                    = 0
         t0                       = 0
         sigma                    = 0
     density-guided-simulation:
       active                     = false
       group                      = protein
       similarity-measure         = inner-product
       atom-spreading-weight      = unity
       force-constant             = 1e+09
       gaussian-transform-spreading-width = 0.2
       gaussian-transform-spreading-range-in-multiples-of-width = 4
       reference-density-filename = reference.mrc
       nst                        = 1
       normalize-densities        = true
       adaptive-force-scaling     = false
       adaptive-force-scaling-time-constant = 4
grpopts:
   nrdf:       47091
   ref-t:      323.15
   tau-t:         0.5
annealing:          No
annealing-npoints:           0
   acc:	           0           0           0
   nfreeze:           N           N           N
   energygrp-flags[  0]: 0

Changing nstlist from 10 to 100, rlist from 0.9 to 0.95


Update task on the GPU was required, by the GMX_FORCE_UPDATE_DEFAULT_GPU environment variable, but the following condition(s) were not satisfied:

Either PME or short-ranged non-bonded interaction tasks must run on the GPU.
Compatible GPUs must have been found.
Only a CUDA build is supported.
Only the md integrator is supported.
Free energy perturbations are not supported.
The number of coupled constraints is higher than supported in the CUDA LINCS code.

Will use CPU version of update.

Using 1 MPI thread
Using 9 OpenMP threads 


Non-default thread affinity set probably by the OpenMP library,
disabling internal thread affinity
System total charge, top. A: 0.000 top. B: 0.000
Will do PME sum in reciprocal space for electrostatic interactions.

++++ PLEASE READ AND CITE THE FOLLOWING REFERENCE ++++
U. Essmann, L. Perera, M. L. Berkowitz, T. Darden, H. Lee and L. G. Pedersen 
A smooth particle mesh Ewald method
J. Chem. Phys. 103 (1995) pp. 8577-8592
-------- -------- --- Thank You --- -------- --------

Using a Gaussian width (1/beta) of 0.260197 nm for Ewald
Potential shift: LJ r^-12: -3.541e+00 r^-6: -1.882e+00, Ewald -1.111e-06
Initialized non-bonded Ewald tables, spacing: 8.41e-04 size: 1071

Generated table with 975 data points for 1-4 COUL.
Tabscale = 500 points/nm
Generated table with 975 data points for 1-4 LJ6.
Tabscale = 500 points/nm
Generated table with 975 data points for 1-4 LJ12.
Tabscale = 500 points/nm

Using SIMD 4x8 nonbonded short-range kernels

Using a dual 4x8 pair-list setup updated with dynamic pruning:
  outer list: updated every 100 steps, buffer 0.050 nm, rlist 0.950 nm
  inner list: updated every  42 steps, buffer 0.001 nm, rlist 0.901 nm
At tolerance 0.005 kJ/mol/ps per atom, equivalent classical 1x1 list would be:
  outer list: updated every 100 steps, buffer 0.213 nm, rlist 1.113 nm
  inner list: updated every  42 steps, buffer 0.127 nm, rlist 1.027 nm

Using Lorentz-Berthelot Lennard-Jones combination rule

Long Range LJ corr.: <C6> 2.8831e-04

There are 46 atoms and 46 charges for free energy perturbation

Initializing LINear Constraint Solver

++++ PLEASE READ AND CITE THE FOLLOWING REFERENCE ++++
B. Hess and H. Bekker and H. J. C. Berendsen and J. G. E. M. Fraaije
LINCS: A Linear Constraint Solver for molecular simulations
J. Comp. Chem. 18 (1997) pp. 1463-1472
-------- -------- --- Thank You --- -------- --------

The number of constraints is 288

++++ PLEASE READ AND CITE THE FOLLOWING REFERENCE ++++
S. Miyamoto and P. A. Kollman
SETTLE: An Analytical Version of the SHAKE and RATTLE Algorithms for Rigid
Water Models
J. Comp. Chem. 13 (1992) pp. 952-962
-------- -------- --- Thank You --- -------- --------

Setting the maximum number of constraint warnings to 2147483647
Initial vector of lambda components:[     0.4100     0.4100     0.4100     0.4100     0.4100     0.4100     0.4100 ]

++++ PLEASE READ AND CITE THE FOLLOWING REFERENCE ++++
G. Bussi, D. Donadio and M. Parrinello
Canonical sampling through velocity rescaling
J. Chem. Phys. 126 (2007) pp. 014101
-------- -------- --- Thank You --- -------- --------

There are: 23384 Atoms
Center of mass motion removal mode is Linear
We have the following groups for center of mass motion removal:
  0:  rest

Started mdrun on rank 0 Wed Jun 16 07:14:23 2021

           Step           Time
      875000000   1750000.00000

   Energies (kJ/mol)
           Bond          Angle    Proper Dih.  Improper Dih.          LJ-14
    5.33690e+02    1.59377e+03    1.98504e+03    7.26177e+01    5.48129e+02
     Coulomb-14        LJ (SR)  Disper. corr.   Coulomb (SR)   Coul. recip.
    2.59978e+03    4.68186e+04   -3.83679e+03   -3.69121e+05    5.05893e+03
 Position Rest.      Potential    Kinetic En.   Total Energy  Conserved En.
    6.24998e+01   -3.13685e+05    6.38076e+04   -2.49877e+05   -2.49877e+05
    Temperature Pres. DC (bar) Pressure (bar)    dVremain/dl   Constr. rmsd
    3.25934e+02   -2.70748e+02    6.46410e+02   -3.53341e+02    7.77261e-07



Received the remote second INT/TERM signal, stopping within 2 steps

           Step           Time
      875001339   1750002.67800

Writing checkpoint, step 875001339 at Wed Jun 16 07:14:32 2021


   Energies (kJ/mol)
           Bond          Angle    Proper Dih.  Improper Dih.          LJ-14
    4.87728e+02    1.60494e+03    1.94451e+03    1.05930e+02    5.21795e+02
     Coulomb-14        LJ (SR)  Disper. corr.   Coulomb (SR)   Coul. recip.
    2.61606e+03    4.62657e+04   -3.83679e+03   -3.67431e+05    5.21027e+03
 Position Rest.      Potential    Kinetic En.   Total Energy  Conserved En.
    4.71393e+01   -3.12464e+05    6.28914e+04   -2.49572e+05   -2.49929e+05
    Temperature Pres. DC (bar) Pressure (bar)    dVremain/dl   Constr. rmsd
    3.21254e+02   -2.70748e+02    6.34689e+02   -2.77010e+01    8.14491e-07


	<======  ###############  ==>
	<====  A V E R A G E S  ====>
	<==  ###############  ======>

	Statistics over 1340 steps using 1340 frames

   Energies (kJ/mol)
           Bond          Angle    Proper Dih.  Improper Dih.          LJ-14
    5.07697e+02    1.53824e+03    1.95613e+03    8.69676e+01    5.26401e+02
     Coulomb-14        LJ (SR)  Disper. corr.   Coulomb (SR)   Coul. recip.
    2.62503e+03    4.67678e+04   -3.83679e+03   -3.68884e+05    5.16664e+03
 Position Rest.      Potential    Kinetic En.   Total Energy  Conserved En.
    6.08690e+01   -3.13486e+05    6.32136e+04   -2.50272e+05   -2.49905e+05
    Temperature Pres. DC (bar) Pressure (bar)    dVremain/dl   Constr. rmsd
    3.22900e+02   -2.70748e+02    6.89782e+02   -5.30555e+01    0.00000e+00

   Total Virial (kJ/mol)
    1.60296e+04    5.00312e-01   -2.76389e+01
   -3.40552e-01    1.57909e+04    3.65735e+01
   -2.61728e+01    3.69668e+01    1.67065e+04

   Pressure (bar)
    7.11743e+02   -9.93480e+00    8.52539e+00
   -9.81633e+00    7.44090e+02   -8.00943e+00
    8.31882e+00   -8.06484e+00    6.13513e+02


	M E G A - F L O P S   A C C O U N T I N G

 NB=Group-cutoff nonbonded kernels    NxN=N-by-N cluster Verlet kernels
 RF=Reaction-Field  VdW=Van der Waals  QSTab=quadratic-spline table
 W3=SPC/TIP3p  W4=TIP4p (single or pairs)
 V&F=Potential and force  V=Potential only  F=Force only

 Computing:                               M-Number         M-Flops  % Flops
-----------------------------------------------------------------------------
 NB Free energy kernel                 8819.683020        8819.683     0.6
 Pair Search distance check             100.276006         902.484     0.1
 NxN Ewald Elec. + LJ [V&F]            6467.667200      692040.390    47.7
 NxN Ewald Elec. [V&F]                 5955.065600      500225.510    34.5
 1,4 nonbonded interactions               2.155860         194.027     0.0
 Calc Weights                            94.003680        3384.132     0.2
 Spread Q Bspline                      4010.823680        8021.647     0.6
 Gather F Bspline                      4010.823680       24064.942     1.7
 3D-FFT                               25291.653120      202333.225    13.9
 Solve PME                               10.977280         702.546     0.0
 Shift-X                                  0.327376           1.964     0.0
 Bonds                                    0.409360          24.152     0.0
 Angles                                   1.432400         240.643     0.0
 Propers                                  2.590860         593.307     0.0
 Impropers                                0.194860          40.531     0.0
 Pos. Restr.                              0.138020           6.901     0.0
 Virial                                  31.394860         565.107     0.0
 Stop-CM                                 31.334560         313.346     0.0
 Calc-Ekin                               31.334560         846.033     0.1
 Lincs                                    0.771840          46.310     0.0
 Lincs-Mat                                8.854720          35.419     0.0
 Constraint-V                            31.283640         250.269     0.0
 Constraint-Vir                          31.283640         750.807     0.1
 Settle                                  20.341200        6570.208     0.5
-----------------------------------------------------------------------------
 Total                                                 1450973.586   100.0
-----------------------------------------------------------------------------


     R E A L   C Y C L E   A N D   T I M E   A C C O U N T I N G

On 1 MPI rank, each using 9 OpenMP threads

 Computing:          Num   Num      Call    Wall time         Giga-Cycles
                     Ranks Threads  Count      (s)         total sum    %
-----------------------------------------------------------------------------
 Neighbor search        1    9         14       0.071          2.034   0.7
 Force                  1    9       1340       4.552        129.956  45.5
 PME mesh               1    9       1340       4.114        117.447  41.1
 NB X/F buffer ops.     1    9       2666       0.089          2.527   0.9
 Write traj.            1    9          2       0.285          8.133   2.8
 Update                 1    9       5360       0.254          7.246   2.5
 Constraints            1    9       2680       0.352         10.050   3.5
 Rest                                           0.283          8.083   2.8
-----------------------------------------------------------------------------
 Total                                         10.000        285.475 100.0
-----------------------------------------------------------------------------
 Breakdown of PME mesh computation
-----------------------------------------------------------------------------
 PME spread             1    9       2680       0.875         24.977   8.7
 PME gather             1    9       2680       1.037         29.599  10.4
 PME 3D-FFT             1    9       5360       1.553         44.338  15.5
 PME solve Elec         1    9       2680       0.642         18.317   6.4
-----------------------------------------------------------------------------

               Core t (s)   Wall t (s)        (%)
       Time:       90.000       10.000      900.0
                 (ns/day)    (hour/ns)
Performance:       23.155        1.036
Finished mdrun on rank 0 Wed Jun 16 07:14:33 2021

