Log file opened on Tue May 11 13:28:42 2021
Host: unknown  pid: 1284  rank ID: 0  number of ranks:  1
GROMACS:    GROMACS, VERSION 5.0.4-20191026-456f0d636-unknown

GROMACS is written by:
Emile Apol         Rossen Apostolov   Herman J.C. Berendsen Par Bjelkmar       
Aldert van Buuren  Rudi van Drunen    Anton Feenstra     Sebastian Fritsch  
Gerrit Groenhof    Christoph Junghans Peter Kasson       Carsten Kutzner    
Per Larsson        Justin A. Lemkul   Magnus Lundborg    Pieter Meulenhoff  
Erik Marklund      Teemu Murtola      Szilard Pall       Sander Pronk       
Roland Schulz      Alexey Shvetsov    Michael Shirts     Alfons Sijbers     
Peter Tieleman     Christian Wennberg Maarten Wolf       
and the project leaders:
Mark Abraham, Berk Hess, Erik Lindahl, and David van der Spoel

Copyright (c) 1991-2000, University of Groningen, The Netherlands.
Copyright (c) 2001-2014, The GROMACS development team at
Uppsala University, Stockholm University and
the Royal Institute of Technology, Sweden.
check out http://www.gromacs.org for more information.


GROMACS:      GROMACS, VERSION 5.0.4-20191026-456f0d636-unknown

Gromacs version:    VERSION 5.0.4-20191026-456f0d636-unknown
GIT SHA1 hash:      456f0d636b694d70ef483843dbb1b1383643ee12
Branched from:      unknown
Precision:          single
Memory model:       64 bit
MPI library:        thread_mpi
OpenMP support:     disabled
GPU support:        disabled
invsqrt routine:    gmx_software_invsqrt(x)
SIMD instructions:  AVX_256
FFT library:        fftw3
RDTSCP usage:       disabled
C++11 compilation:  disabled
TNG support:        enabled
Tracing support:    disabled
Built on:           Unknown date
Built by:           Anonymous@unknown [CMAKE]
Build OS/arch:      Windows-10.0.14393 AMD64
Build CPU vendor:   GenuineIntel
Build CPU brand:    QEMU Virtual CPU version 2.5+
Build CPU family:   6   Model: 6   Stepping: 3
Build CPU features: apic clfsh cmov cx8 cx16 lahf_lm mmx msr pse sse2 sse3 x2apic
C compiler:         C:/Program Files (x86)/Microsoft Visual Studio 14.0/VC/bin/amd64/cl.exe MSVC 19.0.24210.0
C compiler flags:    /arch:AVX   -I/build/fah/windows-10-64bit-core-a7-avx-release/windows-10-64bit-core-a7-avx-release/libfah/build/src -I/build/fah/windows-10-64bit-core-a7-avx-release/windows-10-64bit-core-a7-avx-release/cbang/build/include /wd4800 /wd4355 /wd4996 /wd4305 /wd4244 /wd4101 /wd4267 /wd4090  /MT /O2 /D NDEBUG /arch:AVX  
C++ compiler:       C:/Program Files (x86)/Microsoft Visual Studio 14.0/VC/bin/amd64/cl.exe MSVC 19.0.24210.0
C++ compiler flags:  /arch:AVX   -I/build/fah/windows-10-64bit-core-a7-avx-release/windows-10-64bit-core-a7-avx-release/libfah/build/src -I/build/fah/windows-10-64bit-core-a7-avx-release/windows-10-64bit-core-a7-avx-release/cbang/build/include /EHsc /wd4800 /wd4355 /wd4996 /wd4305 /wd4244 /wd4267  /MT /O2 /D NDEBUG /arch:AVX  
Boost version:      1.55.0 (internal)



++++ PLEASE READ AND CITE THE FOLLOWING REFERENCE ++++
B. Hess and C. Kutzner and D. van der Spoel and E. Lindahl
GROMACS 4: Algorithms for highly efficient, load-balanced, and scalable
molecular simulation
J. Chem. Theory Comput. 4 (2008) pp. 435-447
-------- -------- --- Thank You --- -------- --------


++++ PLEASE READ AND CITE THE FOLLOWING REFERENCE ++++
D. van der Spoel, E. Lindahl, B. Hess, G. Groenhof, A. E. Mark and H. J. C.
Berendsen
GROMACS: Fast, Flexible and Free
J. Comp. Chem. 26 (2005) pp. 1701-1719
-------- -------- --- Thank You --- -------- --------


++++ PLEASE READ AND CITE THE FOLLOWING REFERENCE ++++
E. Lindahl and B. Hess and D. van der Spoel
GROMACS 3.0: A package for molecular simulation and trajectory analysis
J. Mol. Mod. 7 (2001) pp. 306-317
-------- -------- --- Thank You --- -------- --------


++++ PLEASE READ AND CITE THE FOLLOWING REFERENCE ++++
H. J. C. Berendsen, D. van der Spoel and R. van Drunen
GROMACS: A message-passing parallel molecular dynamics implementation
Comp. Phys. Comm. 91 (1995) pp. 43-56
-------- -------- --- Thank You --- -------- --------

Can not increase nstlist because verlet-buffer-tolerance is not set or used
Input Parameters:
   integrator                     = md
   tinit                          = 0
   dt                             = 0.004
   nsteps                         = 125000
   init-step                      = 56000000
   simulation-part                = 1
   comm-mode                      = Linear
   nstcomm                        = 5
   bd-fric                        = 0
   ld-seed                        = 2980989601
   emtol                          = 10
   emstep                         = 0.01
   niter                          = 20
   fcstep                         = 0
   nstcgsteep                     = 1000
   nbfgscorr                      = 10
   rtpi                           = 0.05
   nstxout                        = 125000
   nstvout                        = 125000
   nstfout                        = 0
   nstlog                         = 0
   nstcalcenergy                  = 0
   nstenergy                      = 2500
   nstxout-compressed             = 2500
   compressed-x-precision         = 1000
   cutoff-scheme                  = Verlet
   nstlist                        = 10
   ns-type                        = Grid
   pbc                            = xyz
   periodic-molecules             = FALSE
   verlet-buffer-tolerance        = -1
   rlist                          = 1.1
   rlistlong                      = 1.1
   nstcalclr                      = 10
   coulombtype                    = PME
   coulomb-modifier               = Potential-shift
   rcoulomb-switch                = 0
   rcoulomb                       = 0.9
   epsilon-r                      = 1
   epsilon-rf                     = inf
   vdw-type                       = Cut-off
   vdw-modifier                   = Potential-shift
   rvdw-switch                    = 0
   rvdw                           = 0.9
   DispCorr                       = EnerPres
   table-extension                = 1
   fourierspacing                 = 0.12
   fourier-nx                     = 112
   fourier-ny                     = 112
   fourier-nz                     = 112
   pme-order                      = 4
   ewald-rtol                     = 1e-05
   ewald-rtol-lj                  = 0.001
   lj-pme-comb-rule               = Geometric
   ewald-geometry                 = 0
   epsilon-surface                = 0
   implicit-solvent               = No
   gb-algorithm                   = Still
   nstgbradii                     = 1
   rgbradii                       = 1
   gb-epsilon-solvent             = 80
   gb-saltconc                    = 0
   gb-obc-alpha                   = 1
   gb-obc-beta                    = 0.8
   gb-obc-gamma                   = 4.85
   gb-dielectric-offset           = 0.009
   sa-algorithm                   = Ace-approximation
   sa-surface-tension             = 2.05016
   tcoupl                         = V-rescale
   nsttcouple                     = 10
   nh-chain-length                = 0
   print-nose-hoover-chain-variables = FALSE
   pcoupl                         = Parrinello-Rahman
   pcoupltype                     = Isotropic
   nstpcouple                     = 10
   tau-p                          = 1
   compressibility (3x3):
      compressibility[    0]={ 4.50000e-05,  0.00000e+00,  0.00000e+00}
      compressibility[    1]={ 0.00000e+00,  4.50000e-05,  0.00000e+00}
      compressibility[    2]={ 0.00000e+00,  0.00000e+00,  4.50000e-05}
   ref-p (3x3):
      ref-p[    0]={ 1.00000e+00,  0.00000e+00,  0.00000e+00}
      ref-p[    1]={ 0.00000e+00,  1.00000e+00,  0.00000e+00}
      ref-p[    2]={ 0.00000e+00,  0.00000e+00,  1.00000e+00}
   refcoord-scaling               = All
   posres-com (3):
      posres-com[0]= 0.00000e+00
      posres-com[1]= 0.00000e+00
      posres-com[2]= 0.00000e+00
   posres-comB (3):
      posres-comB[0]= 0.00000e+00
      posres-comB[1]= 0.00000e+00
      posres-comB[2]= 0.00000e+00
   QMMM                           = FALSE
   QMconstraints                  = 0
   QMMMscheme                     = 0
   MMChargeScaleFactor            = 1
qm-opts:
   ngQM                           = 0
   constraint-algorithm           = Lincs
   continuation                   = TRUE
   Shake-SOR                      = FALSE
   shake-tol                      = 0.0001
   lincs-order                    = 6
   lincs-iter                     = 2
   lincs-warnangle                = 30
   nwall                          = 0
   wall-type                      = 9-3
   wall-r-linpot                  = -1
   wall-atomtype[0]               = -1
   wall-atomtype[1]               = -1
   wall-density[0]                = 0
   wall-density[1]                = 0
   wall-ewald-zfac                = 3
   pull                           = no
   rotation                       = FALSE
   interactiveMD                  = FALSE
   disre                          = No
   disre-weighting                = Conservative
   disre-mixed                    = FALSE
   dr-fc                          = 1000
   dr-tau                         = 0
   nstdisreout                    = 100
   orire-fc                       = 0
   orire-tau                      = 0
   nstorireout                    = 100
   free-energy                    = no
   cos-acceleration               = 0
   deform (3x3):
      deform[    0]={ 0.00000e+00,  0.00000e+00,  0.00000e+00}
      deform[    1]={ 0.00000e+00,  0.00000e+00,  0.00000e+00}
      deform[    2]={ 0.00000e+00,  0.00000e+00,  0.00000e+00}
   simulated-tempering            = FALSE
   E-x:
      n = 0
   E-xt:
      n = 0
   E-y:
      n = 0
   E-yt:
      n = 0
   E-z:
      n = 0
   E-zt:
      n = 0
   swapcoords                     = no
   adress                         = FALSE
   userint1                       = 0
   userint2                       = 0
   userint3                       = 0
   userint4                       = 0
   userreal1                      = 0
   userreal2                      = 0
   userreal3                      = 0
   userreal4                      = 0
grpopts:
   nrdf:      323343
   ref-t:         300
   tau-t:         0.1
annealing:          No
annealing-npoints:           0
   acc:	           0           0           0
   nfreeze:           N           N           N
   energygrp-flags[  0]: 0

Initializing Domain Decomposition on 3 ranks
Dynamic load balancing: auto
Will sort the charge groups at every domain (re)decomposition
Initial maximum inter charge-group distances:
    two-body bonded interactions: 0.429 nm, LJ-14, atoms 1518 1526
  multi-body bonded interactions: 0.429 nm, Proper Dih., atoms 1518 1526
Minimum cell size due to bonded interactions: 0.472 nm
Maximum distance for 7 constraints, at 120 deg. angles, all-trans: 1.166 nm
Estimated maximum distance required for P-LINCS: 1.166 nm
This distance will limit the DD cell size, you can override this with -rcon
Using 0 separate PME ranks, as there are too few total
 ranks for efficient splitting
Scaling the initial minimum size with 1/0.8 (option -dds) = 1.25
Optimizing the DD grid for 3 cells with a minimum initial size of 1.457 nm
The maximum allowed number of cells is: X 7 Y 7 Z 6
Domain decomposition grid 3 x 1 x 1, separate PME ranks 0
PME domain decomposition: 3 x 1 x 1
Domain decomposition rank 0, coordinates 0 0 0

Using 3 MPI threads

Detecting CPU SIMD instructions.
Present hardware specification:
Vendor: GenuineIntel
Brand:  Intel(R) Core(TM) i5-7300U CPU @ 2.60GHz
Family:  6  Model: 142  Stepping:  9
Features: aes apic avx avx2 clfsh cmov cx8 cx16 f16c fma htt lahf_lm mmx msr nonstop_tsc pcid pclmuldq pdcm pdpe1gb popcnt pse rdrnd rdtscp sse2 sse3 sse4.1 sse4.2 ssse3
SIMD instructions most likely to fit this hardware: AVX2_256
SIMD instructions selected at GROMACS compile time: AVX_256


Binary not matching hardware - you might be losing performance.
SIMD instructions most likely to fit this hardware: AVX2_256
SIMD instructions selected at GROMACS compile time: AVX_256


The current CPU can measure timings more accurately than the code in
GROMACS was configured to use. This might affect your simulation
speed as accurate timings are needed for load-balancing.
Please consider rebuilding GROMACS with the GMX_USE_RDTSCP=OFF CMake option.

Will do PME sum in reciprocal space for electrostatic interactions.

++++ PLEASE READ AND CITE THE FOLLOWING REFERENCE ++++
U. Essmann, L. Perera, M. L. Berkowitz, T. Darden, H. Lee and L. G. Pedersen 
A smooth particle mesh Ewald method
J. Chem. Phys. 103 (1995) pp. 8577-8592
-------- -------- --- Thank You --- -------- --------

Will do ordinary reciprocal space Ewald sum.
Using a Gaussian width (1/beta) of 0.288146 nm for Ewald
Cut-off's:   NS: 1.1   Coulomb: 0.9   LJ: 0.9
Long Range LJ corr.: <C6> 3.0973e-04
System total charge: -0.000
Generated table with 1050 data points for Ewald.
Tabscale = 500 points/nm
Generated table with 1050 data points for LJ6.
Tabscale = 500 points/nm
Generated table with 1050 data points for LJ12.
Tabscale = 500 points/nm
Generated table with 1050 data points for 1-4 COUL.
Tabscale = 500 points/nm
Generated table with 1050 data points for 1-4 LJ6.
Tabscale = 500 points/nm
Generated table with 1050 data points for 1-4 LJ12.
Tabscale = 500 points/nm

Using AVX_256 4x4 non-bonded kernels

Using Lorentz-Berthelot Lennard-Jones combination rule

Potential shift: LJ r^-12: -3.541e+00 r^-6: -1.882e+00, Ewald -1.000e-05
Initialized non-bonded Ewald correction tables, spacing: 8.85e-04 size: 2374


NOTE: The number of threads is not equal to the number of (logical) cores
      and the -pin option is set to auto: will not pin thread to cores.
      This can lead to significant performance degradation.
      Consider using -pin on (and -pinoffset in case you run multiple jobs).


Initializing Parallel LINear Constraint Solver

++++ PLEASE READ AND CITE THE FOLLOWING REFERENCE ++++
B. Hess
P-LINCS: A Parallel Linear Constraint Solver for molecular simulation
J. Chem. Theory Comput. 4 (2008) pp. 116-122
-------- -------- --- Thank You --- -------- --------

The number of constraints is 7854
There are inter charge-group constraints,
will communicate selected coordinates each lincs iteration
1884 constraints are involved in constraint triangles,
will apply an additional matrix expansion of order 6 for couplings
between constraints inside triangles

++++ PLEASE READ AND CITE THE FOLLOWING REFERENCE ++++
S. Miyamoto and P. A. Kollman
SETTLE: An Analytical Version of the SHAKE and RATTLE Algorithms for Rigid
Water Models
J. Comp. Chem. 13 (1992) pp. 952-962
-------- -------- --- Thank You --- -------- --------

Setting the maximum number of constraint warnings to -1
maxwarn < 0, will not stop on constraint errors

Linking all bonded interactions to atoms
There are 224957 inter charge-group exclusions,
will use an extra communication step for exclusion forces for PME
There are 6776 inter charge-group virtual sites,
will an extra communication step for selected coordinates and forces

The initial number of communication pulses is: X 1
The initial domain decomposition cell size is: X 3.63 nm

The maximum allowed distance for charge groups involved in interactions is:
                 non-bonded interactions           1.100 nm
(the following are initial values, they could change due to box deformation)
            two-body bonded interactions  (-rdd)   1.100 nm
          multi-body bonded interactions  (-rdd)   1.100 nm
              virtual site constructions  (-rcon)  3.632 nm
  atoms separated by up to 7 constraints  (-rcon)  3.632 nm

When dynamic load balancing gets turned on, these settings will change to:
The maximum number of communication pulses is: X 1
The minimum size for domain decomposition cells is 1.166 nm
The requested allowed shrink of DD cells (option -dds) is: 0.80
The allowed shrink of domain decomposition cells is: X 0.32
The maximum allowed distance for charge groups involved in interactions is:
                 non-bonded interactions           1.100 nm
            two-body bonded interactions  (-rdd)   1.100 nm
          multi-body bonded interactions  (-rdd)   1.100 nm
              virtual site constructions  (-rcon)  1.166 nm
  atoms separated by up to 7 constraints  (-rcon)  1.166 nm


Making 1D domain decomposition grid 3 x 1 x 1, home cell index 0 0 0


WARNING: Changing nstcomm from 5 to 10

Center of mass motion removal mode is Linear
We have the following groups for center of mass motion removal:
  0:  rest

++++ PLEASE READ AND CITE THE FOLLOWING REFERENCE ++++
G. Bussi, D. Donadio and M. Parrinello
Canonical sampling through velocity rescaling
J. Chem. Phys. 126 (2007) pp. 014101
-------- -------- --- Thank You --- -------- --------

There are: 161953 Atoms
There are: 6776 VSites
Charge group distribution at step 56000000: 57355 55542 55832
Initial temperature: 299.473 K

Started mdrun on rank 0 Tue May 11 13:28:44 2021
           Step           Time         Lambda
       56000000   224000.00000        0.00000

   Energies (kJ/mol)
          Angle    Proper Dih.  Improper Dih.          LJ-14     Coulomb-14
    1.36133e+04    3.32288e+04    1.17320e+03    1.41465e+04    1.46992e+05
        LJ (SR)  Disper. corr.   Coulomb (SR)   Coul. recip.      Potential
    3.09370e+05   -3.01111e+04   -2.75961e+06    2.37701e+04   -2.24743e+06
    Kinetic En.   Total Energy    Temperature Pres. DC (bar) Pressure (bar)
    4.02715e+05   -1.84472e+06    2.99590e+02   -2.98119e+02   -3.02968e+01
   Constr. rmsd
    4.37119e-06

DD  step 56000009 load imb.: force  7.0%

At step 56003000 the performance loss due to force load imbalance is 2.4 %

NOTE: Turning on dynamic load balancing

Writing checkpoint, step 56004260 at Tue May 11 13:43:48 2021


