                :-) GROMACS - GROMACS, 2020.5-dev-UNCHECKED (-:

                            GROMACS is written by:
     Emile Apol      Rossen Apostolov      Paul Bauer     Herman J.C. Berendsen
    Par Bjelkmar      Christian Blau   Viacheslav Bolnykh     Kevin Boyd    
 Aldert van Buuren   Rudi van Drunen     Anton Feenstra       Alan Gray     
  Gerrit Groenhof     Anca Hamuraru    Vincent Hindriksen  M. Eric Irrgang  
  Aleksei Iupinov   Christoph Junghans     Joe Jordan     Dimitrios Karkoulis
    Peter Kasson        Jiri Kraus      Carsten Kutzner      Per Larsson    
  Justin A. Lemkul    Viveca Lindahl    Magnus Lundborg     Erik Marklund   
    Pascal Merz     Pieter Meulenhoff    Teemu Murtola       Szilard Pall   
    Sander Pronk      Roland Schulz      Michael Shirts    Alexey Shvetsov  
   Alfons Sijbers     Peter Tieleman      Jon Vincent      Teemu Virolainen 
 Christian Wennberg    Maarten Wolf      Artem Zhmurov   
                           and the project leaders:
        Mark Abraham, Berk Hess, Erik Lindahl, and David van der Spoel

Copyright (c) 1991-2000, University of Groningen, The Netherlands.
Copyright (c) 2001-2019, The GROMACS development team at
Uppsala University, Stockholm University and
the Royal Institute of Technology, Sweden.
check out http://www.gromacs.org for more information.

GROMACS:      GROMACS, version 2020.5-dev-UNCHECKED
Working dir:  C:\ProgramData\FAHClient\work\00\01
Process ID:   12152

GROMACS version:    2020.5-dev-UNCHECKED
The source code this program was compiled from has not been verified because the reference checksum was missing during compilation. This means you have an incomplete GROMACS distribution, please make sure to download an intact source distribution and compile that before proceeding.
Computed checksum: NoChecksumFile
Precision:          single
Memory model:       64 bit
MPI library:        thread_mpi
OpenMP support:     enabled (GMX_OPENMP_MAX_THREADS = 64)
GPU support:        disabled
SIMD instructions:  AVX2_256
FFT library:        fftw3
RDTSCP usage:       disabled
TNG support:        enabled
Hwloc support:      disabled
Tracing support:    disabled
C compiler:         C:/Program Files (x86)/Microsoft Visual Studio/2019/Community/VC/Tools/MSVC/14.27.29110/bin/Hostx64/x64/cl.exe MSVC 19.27.29112.0
C compiler flags:   /arch:AVX2 /wd4800 /wd4355 /wd4996 /wd4305 /wd4244 /wd4101 /wd4267 /wd4090 /wd4068 /MT /O2 /Ob3 /Zc:throwingNew /D NDEBUG /arch:AVX2
C++ compiler:       C:/Program Files (x86)/Microsoft Visual Studio/2019/Community/VC/Tools/MSVC/14.27.29110/bin/Hostx64/x64/cl.exe MSVC 19.27.29112.0
C++ compiler flags: /arch:AVX2 /wd4800 /wd4355 /wd4996 /wd4305 /wd4244 /wd4267 /wd4068 /analyze /analyze:stacksize 70000 /wd6001 /wd6011 /wd6053 /wd6054 /wd6385 /wd6386 /wd6387 /wd28199 /wd6239 /wd6240 /wd6294 /wd6326 /wd28020 /wd6330 /wd6993 /wd6031 /wd6244 /wd6246 -openmp /MT /O2 /Ob3 /Zc:throwingNew /D NDEBUG /arch:AVX2


Running on 1 node with total 6 cores, 12 logical cores
Hardware detected:
  CPU info:
    Vendor: Intel
    Brand:  Intel(R) Core(TM) i7-8700 CPU @ 3.20GHz
    Family: 6   Model: 158   Stepping: 10
    Features: aes apic avx avx2 clfsh cmov cx8 cx16 f16c fma hle htt intel lahf mmx msr nonstop_tsc pcid pclmuldq pdcm pdpe1gb popcnt pse rdrnd rdtscp rtm sse2 sse3 sse4.1 sse4.2 ssse3 tdt x2apic
  Hardware topology: Basic
    Sockets, cores, and logical processors:
      Socket  0: [   0   1] [   2   3] [   4   5] [   6   7] [   8   9] [  10  11]

The current CPU can measure timings more accurately than the code in
GROMACS was configured to use. This might affect your simulation
speed as accurate timings are needed for load-balancing.
Please consider rebuilding GROMACS with the GMX_USE_RDTSCP=ON CMake option.

++++ PLEASE READ AND CITE THE FOLLOWING REFERENCE ++++
M. J. Abraham, T. Murtola, R. Schulz, S. Páll, J. C. Smith, B. Hess, E.
Lindahl
GROMACS: High performance molecular simulations through multi-level
parallelism from laptops to supercomputers
SoftwareX 1 (2015) pp. 19-25
-------- -------- --- Thank You --- -------- --------


++++ PLEASE READ AND CITE THE FOLLOWING REFERENCE ++++
S. Páll, M. J. Abraham, C. Kutzner, B. Hess, E. Lindahl
Tackling Exascale Software Challenges in Molecular Dynamics Simulations with
GROMACS
In S. Markidis & E. Laure (Eds.), Solving Software Challenges for Exascale 8759 (2015) pp. 3-27
-------- -------- --- Thank You --- -------- --------


++++ PLEASE READ AND CITE THE FOLLOWING REFERENCE ++++
S. Pronk, S. Páll, R. Schulz, P. Larsson, P. Bjelkmar, R. Apostolov, M. R.
Shirts, J. C. Smith, P. M. Kasson, D. van der Spoel, B. Hess, and E. Lindahl
GROMACS 4.5: a high-throughput and highly parallel open source molecular
simulation toolkit
Bioinformatics 29 (2013) pp. 845-54
-------- -------- --- Thank You --- -------- --------


++++ PLEASE READ AND CITE THE FOLLOWING REFERENCE ++++
B. Hess and C. Kutzner and D. van der Spoel and E. Lindahl
GROMACS 4: Algorithms for highly efficient, load-balanced, and scalable
molecular simulation
J. Chem. Theory Comput. 4 (2008) pp. 435-447
-------- -------- --- Thank You --- -------- --------


++++ PLEASE READ AND CITE THE FOLLOWING REFERENCE ++++
D. van der Spoel, E. Lindahl, B. Hess, G. Groenhof, A. E. Mark and H. J. C.
Berendsen
GROMACS: Fast, Flexible and Free
J. Comp. Chem. 26 (2005) pp. 1701-1719
-------- -------- --- Thank You --- -------- --------


++++ PLEASE READ AND CITE THE FOLLOWING REFERENCE ++++
E. Lindahl and B. Hess and D. van der Spoel
GROMACS 3.0: A package for molecular simulation and trajectory analysis
J. Mol. Mod. 7 (2001) pp. 306-317
-------- -------- --- Thank You --- -------- --------


++++ PLEASE READ AND CITE THE FOLLOWING REFERENCE ++++
H. J. C. Berendsen, D. van der Spoel and R. van Drunen
GROMACS: A message-passing parallel molecular dynamics implementation
Comp. Phys. Comm. 91 (1995) pp. 43-56
-------- -------- --- Thank You --- -------- --------


++++ PLEASE CITE THE DOI FOR THIS VERSION OF GROMACS ++++
https://doi.org/10.5281/zenodo.4420785
-------- -------- --- Thank You --- -------- --------


This run will default to '-update gpu' as requested by the GMX_FORCE_UPDATE_DEFAULT_GPU environment variable. GPU update with domain decomposition lacks substantial testing and should be used with caution.
Input Parameters:
   integrator                     = sd
   tinit                          = 0
   dt                             = 0.002
   nsteps                         = 2500000
   init-step                      = 160000000
   simulation-part                = 1
   comm-mode                      = Linear
   nstcomm                        = 100
   bd-fric                        = 0
   ld-seed                        = 1526546062
   emtol                          = 10
   emstep                         = 0.01
   niter                          = 20
   fcstep                         = 0
   nstcgsteep                     = 1000
   nbfgscorr                      = 10
   rtpi                           = 0.05
   nstxout                        = 500000
   nstvout                        = 500000
   nstfout                        = 0
   nstlog                         = 50000
   nstcalcenergy                  = 100
   nstenergy                      = 50000
   nstxout-compressed             = 50000
   compressed-x-precision         = 1000
   cutoff-scheme                  = Verlet
   nstlist                        = 10
   pbc                            = xyz
   periodic-molecules             = false
   verlet-buffer-tolerance        = 0.005
   rlist                          = 1
   coulombtype                    = PME
   coulomb-modifier               = Potential-shift
   rcoulomb-switch                = 0
   rcoulomb                       = 1
   epsilon-r                      = 1
   epsilon-rf                     = inf
   vdw-type                       = Cut-off
   vdw-modifier                   = Potential-shift
   rvdw-switch                    = 0
   rvdw                           = 1
   DispCorr                       = EnerPres
   table-extension                = 1
   fourierspacing                 = 0.16
   fourier-nx                     = 52
   fourier-ny                     = 52
   fourier-nz                     = 52
   pme-order                      = 4
   ewald-rtol                     = 1e-05
   ewald-rtol-lj                  = 0.001
   lj-pme-comb-rule               = Geometric
   ewald-geometry                 = 0
   epsilon-surface                = 0
   tcoupl                         = No
   nsttcouple                     = -1
   nh-chain-length                = 0
   print-nose-hoover-chain-variables = false
   pcoupl                         = No
   pcoupltype                     = Isotropic
   nstpcouple                     = -1
   tau-p                          = 1
   compressibility (3x3):
      compressibility[    0]={ 0.00000e+00,  0.00000e+00,  0.00000e+00}
      compressibility[    1]={ 0.00000e+00,  0.00000e+00,  0.00000e+00}
      compressibility[    2]={ 0.00000e+00,  0.00000e+00,  0.00000e+00}
   ref-p (3x3):
      ref-p[    0]={ 0.00000e+00,  0.00000e+00,  0.00000e+00}
      ref-p[    1]={ 0.00000e+00,  0.00000e+00,  0.00000e+00}
      ref-p[    2]={ 0.00000e+00,  0.00000e+00,  0.00000e+00}
   refcoord-scaling               = No
   posres-com (3):
      posres-com[0]= 0.00000e+00
      posres-com[1]= 0.00000e+00
      posres-com[2]= 0.00000e+00
   posres-comB (3):
      posres-comB[0]= 0.00000e+00
      posres-comB[1]= 0.00000e+00
      posres-comB[2]= 0.00000e+00
   QMMM                           = false
   QMconstraints                  = 0
   QMMMscheme                     = 0
   MMChargeScaleFactor            = 1
qm-opts:
   ngQM                           = 0
   constraint-algorithm           = Lincs
   continuation                   = true
   Shake-SOR                      = false
   shake-tol                      = 0.0001
   lincs-order                    = 4
   lincs-iter                     = 1
   lincs-warnangle                = 30
   nwall                          = 0
   wall-type                      = 9-3
   wall-r-linpot                  = -1
   wall-atomtype[0]               = -1
   wall-atomtype[1]               = -1
   wall-density[0]                = 0
   wall-density[1]                = 0
   wall-ewald-zfac                = 3
   pull                           = false
   awh                            = false
   rotation                       = false
   interactiveMD                  = false
   disre                          = No
   disre-weighting                = Conservative
   disre-mixed                    = false
   dr-fc                          = 1000
   dr-tau                         = 0
   nstdisreout                    = 100
   orire-fc                       = 0
   orire-tau                      = 0
   nstorireout                    = 100
   free-energy                    = no
   cos-acceleration               = 0
   deform (3x3):
      deform[    0]={ 0.00000e+00,  0.00000e+00,  0.00000e+00}
      deform[    1]={ 0.00000e+00,  0.00000e+00,  0.00000e+00}
      deform[    2]={ 0.00000e+00,  0.00000e+00,  0.00000e+00}
   simulated-tempering            = false
   swapcoords                     = no
   userint1                       = 0
   userint2                       = 0
   userint3                       = 0
   userint4                       = 0
   userreal1                      = 0
   userreal2                      = 0
   userreal3                      = 0
   userreal4                      = 0
   applied-forces:
     electric-field:
       x:
         E0                       = 0
         omega                    = 0
         t0                       = 0
         sigma                    = 0
       y:
         E0                       = 0
         omega                    = 0
         t0                       = 0
         sigma                    = 0
       z:
         E0                       = 0
         omega                    = 0
         t0                       = 0
         sigma                    = 0
     density-guided-simulation:
       active                     = false
       group                      = protein
       similarity-measure         = inner-product
       atom-spreading-weight      = unity
       force-constant             = 1e+09
       gaussian-transform-spreading-width = 0.2
       gaussian-transform-spreading-range-in-multiples-of-width = 4
       reference-density-filename = reference.mrc
       nst                        = 1
       normalize-densities        = true
       adaptive-force-scaling     = false
       adaptive-force-scaling-time-constant = 4
grpopts:
   nrdf:     663.982      111687
   ref-t:         300         300
   tau-t:         0.1         0.1
annealing:          No          No
annealing-npoints:           0           0
   acc:	           0           0           0
   nfreeze:           N           N           N
   energygrp-flags[  0]: 0

Changing nstlist from 10 to 50, rlist from 1 to 1.111


Update task on the GPU was required, by the GMX_FORCE_UPDATE_DEFAULT_GPU environment variable, but the following condition(s) were not satisfied:

Either PME or short-ranged non-bonded interaction tasks must run on the GPU.
Compatible GPUs must have been found.
Only a CUDA build is supported.
Only the md integrator is supported.
The number of coupled constraints is higher than supported in the CUDA LINCS code.

Will use CPU version of update.

Using 1 MPI thread
Using 9 OpenMP threads 


Non-default thread affinity set probably by the OpenMP library,
disabling internal thread affinity
System total charge: 0.000
Will do PME sum in reciprocal space for electrostatic interactions.

++++ PLEASE READ AND CITE THE FOLLOWING REFERENCE ++++
U. Essmann, L. Perera, M. L. Berkowitz, T. Darden, H. Lee and L. G. Pedersen 
A smooth particle mesh Ewald method
J. Chem. Phys. 103 (1995) pp. 8577-8592
-------- -------- --- Thank You --- -------- --------

Using a Gaussian width (1/beta) of 0.320163 nm for Ewald
Potential shift: LJ r^-12: -1.000e+00 r^-6: -1.000e+00, Ewald -1.000e-05
Initialized non-bonded Ewald tables, spacing: 9.33e-04 size: 1073

Generated table with 1055 data points for 1-4 COUL.
Tabscale = 500 points/nm
Generated table with 1055 data points for 1-4 LJ6.
Tabscale = 500 points/nm
Generated table with 1055 data points for 1-4 LJ12.
Tabscale = 500 points/nm

Using SIMD 4x8 nonbonded short-range kernels

Using a dual 4x8 pair-list setup updated with dynamic pruning:
  outer list: updated every 50 steps, buffer 0.111 nm, rlist 1.111 nm
  inner list: updated every 12 steps, buffer 0.003 nm, rlist 1.003 nm
At tolerance 0.005 kJ/mol/ps per atom, equivalent classical 1x1 list would be:
  outer list: updated every 50 steps, buffer 0.236 nm, rlist 1.236 nm
  inner list: updated every 12 steps, buffer 0.048 nm, rlist 1.048 nm

Using Lorentz-Berthelot Lennard-Jones combination rule

Long Range LJ corr.: <C6> 2.7980e-04


Initializing LINear Constraint Solver

++++ PLEASE READ AND CITE THE FOLLOWING REFERENCE ++++
B. Hess and H. Bekker and H. J. C. Berendsen and J. G. E. M. Fraaije
LINCS: A Linear Constraint Solver for molecular simulations
J. Comp. Chem. 18 (1997) pp. 1463-1472
-------- -------- --- Thank You --- -------- --------

The number of constraints is 128

++++ PLEASE READ AND CITE THE FOLLOWING REFERENCE ++++
S. Miyamoto and P. A. Kollman
SETTLE: An Analytical Version of the SHAKE and RATTLE Algorithms for Rigid
Water Models
J. Comp. Chem. 13 (1992) pp. 952-962
-------- -------- --- Thank You --- -------- --------

Setting the maximum number of constraint warnings to 2147483647

++++ PLEASE READ AND CITE THE FOLLOWING REFERENCE ++++
N. Goga and A. J. Rzepiela and A. H. de Vries and S. J. Marrink and H. J. C.
Berendsen
Efficient Algorithms for Langevin and DPD Dynamics
J. Chem. Theory Comput. 8 (2012) pp. 3637--3649
-------- -------- --- Thank You --- -------- --------

There are: 56074 Atoms
Center of mass motion removal mode is Linear
We have the following groups for center of mass motion removal:
  0:  rest

Started mdrun on rank 0 Wed Jun 16 07:13:26 2021

           Step           Time
      160000000   320000.00000

   Energies (kJ/mol)
           Bond          Angle    Proper Dih.  Improper Dih.          LJ-14
    2.48600e+02    5.29749e+02    9.07392e+02    3.50468e+01    2.33623e+02
     Coulomb-14        LJ (SR)  Disper. corr.   Coulomb (SR)   Coul. recip.
    3.41214e+03    1.20742e+05   -6.51815e+03   -9.01310e+05    4.92805e+03
      Potential    Kinetic En.   Total Energy    Temperature Pres. DC (bar)
   -7.76792e+05    1.39212e+05   -6.37579e+05    2.98055e+02   -1.91902e+02
 Pressure (bar)   Constr. rmsd
    8.15878e+01    3.68273e-06



Received the remote second INT/TERM signal, stopping within 51 steps

           Step           Time
      160001951   320003.90200

Writing checkpoint, step 160001951 at Wed Jun 16 07:13:42 2021


   Energies (kJ/mol)
           Bond          Angle    Proper Dih.  Improper Dih.          LJ-14
    2.47714e+02    6.12374e+02    9.11877e+02    4.59334e+01    2.26476e+02
     Coulomb-14        LJ (SR)  Disper. corr.   Coulomb (SR)   Coul. recip.
    3.54088e+03    1.20492e+05   -6.51815e+03   -8.99920e+05    4.96285e+03
      Potential    Kinetic En.   Total Energy    Temperature Pres. DC (bar)
   -7.75398e+05    1.40406e+05   -6.34992e+05    3.00610e+02   -1.91902e+02
 Pressure (bar)   Constr. rmsd
    1.24811e+02    3.30895e-06


	<======  ###############  ==>
	<====  A V E R A G E S  ====>
	<==  ###############  ======>

	Statistics over 1952 steps using 20 frames

   Energies (kJ/mol)
           Bond          Angle    Proper Dih.  Improper Dih.          LJ-14
    2.15708e+02    5.38219e+02    9.21154e+02    3.33869e+01    2.46921e+02
     Coulomb-14        LJ (SR)  Disper. corr.   Coulomb (SR)   Coul. recip.
    3.46961e+03    1.20512e+05   -6.51815e+03   -8.99467e+05    4.86452e+03
      Potential    Kinetic En.   Total Energy    Temperature Pres. DC (bar)
   -7.75184e+05    1.39926e+05   -6.35258e+05    2.99583e+02   -1.91902e+02
 Pressure (bar)   Constr. rmsd
    1.45832e+02    0.00000e+00

   Total Virial (kJ/mol)
    4.37938e+04   -7.46297e+02   -6.54549e+02
   -7.46994e+02    4.42475e+04   -1.47779e+02
   -6.55413e+02   -1.50383e+02    4.44455e+04

   Pressure (bar)
    1.72413e+02    5.04660e+01    3.96972e+01
    5.05070e+01    1.39312e+02    7.82165e+00
    3.97480e+01    7.97478e+00    1.25770e+02

      T-Protein  T-non-Protein
    3.01552e+02    2.99571e+02


	M E G A - F L O P S   A C C O U N T I N G

 NB=Group-cutoff nonbonded kernels    NxN=N-by-N cluster Verlet kernels
 RF=Reaction-Field  VdW=Van der Waals  QSTab=quadratic-spline table
 W3=SPC/TIP3p  W4=TIP4p (single or pairs)
 V&F=Potential and force  V=Potential only  F=Force only

 Computing:                               M-Number         M-Flops  % Flops
-----------------------------------------------------------------------------
 Pair Search distance check            1002.772608        9024.953     0.2
 NxN Ewald Elec. + LJ [F]             32144.935104     2121565.717    49.8
 NxN Ewald Elec. + LJ [V&F]             349.384736       37384.167     0.9
 NxN Ewald Elec. [F]                  31027.778656     1892694.498    44.4
 NxN Ewald Elec. [V&F]                  337.408576       28342.320     0.7
 1,4 nonbonded interactions               1.354688         121.922     0.0
 Calc Weights                           328.369344       11821.296     0.3
 Spread Q Bspline                      7005.212672       14010.425     0.3
 Gather F Bspline                      7005.212672       42031.276     1.0
 3D-FFT                                9387.488128       75099.905     1.8
 Solve PME                                5.278208         337.805     0.0
 Shift-X                                  2.242960          13.458     0.0
 Bonds                                    0.277184          16.354     0.0
 Angles                                   0.954528         160.361     0.0
 Propers                                  1.540128         352.689     0.0
 Impropers                                0.113216          23.549     0.0
 Virial                                   1.178499          21.213     0.0
 Update                                 109.456448        3393.150     0.1
 Stop-CM                                  1.121480          11.215     0.0
 Calc-Ekin                                4.541994         122.634     0.0
 Lincs                                    0.499712          29.983     0.0
 Lincs-Mat                                2.576640          10.307     0.0
 Constraint-V                           218.608384        1748.867     0.0
 Constraint-Vir                           1.173228          28.157     0.0
 Settle                                  72.536320       23429.231     0.5
-----------------------------------------------------------------------------
 Total                                                 4261795.453   100.0
-----------------------------------------------------------------------------


     R E A L   C Y C L E   A N D   T I M E   A C C O U N T I N G

On 1 MPI rank, each using 9 OpenMP threads

 Computing:          Num   Num      Call    Wall time         Giga-Cycles
                     Ranks Threads  Count      (s)         total sum    %
-----------------------------------------------------------------------------
 Neighbor search        1    9         40       0.447         12.835   2.8
 Force                  1    9       1952       9.978        286.187  62.4
 PME mesh               1    9       1952       3.443         98.751  21.5
 NB X/F buffer ops.     1    9       3864       0.249          7.139   1.6
 Write traj.            1    9          2       0.540         15.486   3.4
 Update                 1    9       3904       0.849         24.348   5.3
 Constraints            1    9       3904       0.297          8.506   1.9
 Rest                                           0.197          5.638   1.2
-----------------------------------------------------------------------------
 Total                                         16.000        458.890 100.0
-----------------------------------------------------------------------------
 Breakdown of PME mesh computation
-----------------------------------------------------------------------------
 PME spread             1    9       1952       1.617         46.380  10.1
 PME gather             1    9       1952       1.161         33.295   7.3
 PME 3D-FFT             1    9       3904       0.570         16.346   3.6
 PME solve Elec         1    9       1952       0.090          2.572   0.6
-----------------------------------------------------------------------------

               Core t (s)   Wall t (s)        (%)
       Time:      144.000       16.000      900.0
                 (ns/day)    (hour/ns)
Performance:       21.082        1.138
Finished mdrun on rank 0 Wed Jun 16 07:13:42 2021

